<?xml version="1.0" encoding="UTF-8"?>
<!-- Generated by org.testng.reporters.JUnitReportReporter -->
<testsuite hostname="DESKTOP-2QV8MI9" failures="0" tests="1" name="Test.Validation" time="7.318" errors="0" timestamp="2025-05-13T18:57:54 IST" skipped="0">
  <testcase classname="Test.Validation" name="Test1" time="7.318"/>
  <system-out/>
</testsuite> <!-- Test.Validation -->
